<?xml version="1.0" encoding="UTF-8"?>
<!-- Generated by org.testng.reporters.JUnitReportReporter -->
<testsuite skipped="0" hostname="BiswajitsVAIO" name="leaftaps.demo.parallel.EditLead" tests="1" failures="0" timestamp="14 Jul 2018 13:13:08 GMT" time="31.390" errors="0">
  <testcase name="editLead" time="31.390" classname="leaftaps.demo.parallel.EditLead"/>
</testsuite> <!-- leaftaps.demo.parallel.EditLead -->
