<?xml version="1.0" encoding="UTF-8"?>
<!-- Generated by org.testng.reporters.JUnitReportReporter -->
<testsuite skipped="0" hostname="BiswajitsVAIO" name="leaftaps.demo.createlead.wdataprovider.CreateLeadWithDataProvider" tests="2" failures="0" timestamp="14 Jul 2018 08:51:34 GMT" time="37.088" errors="0">
  <testcase name="createLead" time="17.609" classname="leaftaps.demo.createlead.wdataprovider.CreateLeadWithDataProvider"/>
  <testcase name="createLead" time="19.479" classname="leaftaps.demo.createlead.wdataprovider.CreateLeadWithDataProvider"/>
</testsuite> <!-- leaftaps.demo.createlead.wdataprovider.CreateLeadWithDataProvider -->
