<?xml version="1.0" encoding="UTF-8"?>
<!-- Generated by org.testng.reporters.JUnitReportReporter -->
<testsuite skipped="0" hostname="BiswajitsVAIO" name="leaf.Lead.DeleteLead" tests="1" failures="0" timestamp="15 Jul 2018 11:22:49 GMT" time="28.260" errors="0">
  <testcase name="deleteLead" time="28.260" classname="leaf.Lead.DeleteLead"/>
</testsuite> <!-- leaf.Lead.DeleteLead -->
