<?xml version="1.0" encoding="UTF-8"?>
<!-- Generated by org.testng.reporters.JUnitReportReporter -->
<testsuite skipped="0" hostname="BiswajitsVAIO" name="leaftaps.demo.groups.MergeLead" tests="1" failures="0" timestamp="14 Jul 2018 16:23:12 GMT" time="0.021" errors="0">
  <testcase name="mergelead" time="0.021" classname="leaftaps.demo.groups.MergeLead"/>
</testsuite> <!-- leaftaps.demo.groups.MergeLead -->
