<?xml version="1.0" encoding="UTF-8"?>
<!-- Generated by org.testng.reporters.JUnitReportReporter -->
<testsuite skipped="0" hostname="BiswajitsVAIO" name="leaftaps.demo.createlead.CreateLead" tests="1" failures="0" timestamp="14 Jul 2018 08:31:41 GMT" time="19.238" errors="0">
  <testcase name="createlead" time="19.238" classname="leaftaps.demo.createlead.CreateLead"/>
</testsuite> <!-- leaftaps.demo.createlead.CreateLead -->
