<?xml version="1.0" encoding="UTF-8"?>
<!-- Generated by org.testng.reporters.JUnitReportReporter -->
<testsuite skipped="0" hostname="BiswajitsVAIO" name="leaftaps.demo.createlead.wparameter.CreateLeadWithParameter" tests="1" failures="0" timestamp="14 Jul 2018 12:45:24 GMT" time="41.671" errors="0">
  <testcase name="createLead" time="41.671" classname="leaftaps.demo.createlead.wparameter.CreateLeadWithParameter"/>
</testsuite> <!-- leaftaps.demo.createlead.wparameter.CreateLeadWithParameter -->
