<?xml version="1.0" encoding="UTF-8"?>
<!-- Generated by org.testng.reporters.JUnitReportReporter -->
<testsuite skipped="0" hostname="BiswajitsVAIO" name="leaftaps.demo.createlead.wdataprovider.CreateLead" tests="1" failures="0" timestamp="14 Jul 2018 08:56:49 GMT" time="19.287" errors="0">
  <testcase name="createLead" time="19.287" classname="leaftaps.demo.createlead.wdataprovider.CreateLead"/>
</testsuite> <!-- leaftaps.demo.createlead.wdataprovider.CreateLead -->
