<?xml version="1.0" encoding="UTF-8"?>
<!-- Generated by org.testng.reporters.JUnitReportReporter -->
<testsuite skipped="0" hostname="BiswajitsVAIO" name="leaf.Lead.EditLead" tests="1" failures="0" timestamp="15 Jul 2018 11:22:49 GMT" time="26.672" errors="0">
  <testcase name="editLead" time="26.672" classname="leaf.Lead.EditLead"/>
</testsuite> <!-- leaf.Lead.EditLead -->
