<?xml version="1.0" encoding="UTF-8"?>
<!-- Generated by org.testng.reporters.JUnitReportReporter -->
<testsuite skipped="0" hostname="BiswajitsVAIO" name="leaf.Lead.CreateLead" tests="2" failures="0" timestamp="15 Jul 2018 11:22:49 GMT" time="39.284" errors="0">
  <testcase name="createLead" time="20.230" classname="leaf.Lead.CreateLead"/>
  <testcase name="createLead" time="19.054" classname="leaf.Lead.CreateLead"/>
</testsuite> <!-- leaf.Lead.CreateLead -->
