<?xml version="1.0" encoding="UTF-8"?>
<!-- Generated by org.testng.reporters.JUnitReportReporter -->
<testsuite skipped="0" hostname="BiswajitsVAIO" name="leaf.Contact.MergeContact" tests="1" failures="0" timestamp="15 Jul 2018 11:26:54 GMT" time="36.114" errors="0">
  <testcase name="createContact" time="36.114" classname="leaf.Contact.MergeContact"/>
</testsuite> <!-- leaf.Contact.MergeContact -->
