<?xml version="1.0" encoding="UTF-8"?>
<!-- Generated by org.testng.reporters.JUnitReportReporter -->
<testsuite skipped="0" hostname="BiswajitsVAIO" name="leaftaps.demo.parallel.CreateLead" tests="1" failures="0" timestamp="14 Jul 2018 13:13:08 GMT" time="24.590" errors="0">
  <testcase name="createLead" time="24.590" classname="leaftaps.demo.parallel.CreateLead"/>
</testsuite> <!-- leaftaps.demo.parallel.CreateLead -->
