<?xml version="1.0" encoding="UTF-8"?>
<!-- Generated by org.testng.reporters.JUnitReportReporter -->
<testsuite skipped="0" hostname="BiswajitsVAIO" name="leaftaps.demo.groups.CreateLead" tests="1" failures="0" timestamp="14 Jul 2018 16:23:12 GMT" time="20.246" errors="0">
  <testcase name="createLead" time="20.246" classname="leaftaps.demo.groups.CreateLead"/>
</testsuite> <!-- leaftaps.demo.groups.CreateLead -->
