<?xml version="1.0" encoding="UTF-8"?>
<!-- Generated by org.testng.reporters.JUnitReportReporter -->
<testsuite skipped="0" hostname="BiswajitsVAIO" name="leaf.Contact.CreateContact" tests="1" failures="0" timestamp="15 Jul 2018 11:26:54 GMT" time="19.192" errors="0">
  <testcase name="createContact" time="19.192" classname="leaf.Contact.CreateContact"/>
</testsuite> <!-- leaf.Contact.CreateContact -->
