<?xml version="1.0" encoding="UTF-8"?>
<!-- Generated by org.testng.reporters.JUnitReportReporter -->
<testsuite skipped="0" hostname="BiswajitsVAIO" name="leaf.Contact.DeleteContact" tests="1" failures="0" timestamp="15 Jul 2018 11:26:54 GMT" time="28.573" errors="0">
  <testcase name="deleteContact" time="28.573" classname="leaf.Contact.DeleteContact"/>
</testsuite> <!-- leaf.Contact.DeleteContact -->
